<?xml version="1.0" encoding="UTF-8"?>
<testng-results ignored="0" total="1" passed="1" failed="0" skipped="0">
  <reporter-output>
  </reporter-output>
  <suite started-at="2024-03-09T15:21:47 IST" name="All Test Suite" finished-at="2024-03-09T15:22:09 IST" duration-ms="22072">
    <groups>
    </groups>
    <test started-at="2024-03-09T15:21:47 IST" name="Connect Testing" finished-at="2024-03-09T15:22:09 IST" duration-ms="22072">
      <class name="jenkinsdemo.UITest">
        <test-method signature="startbrowser()[pri:0, instance:jenkinsdemo.UITest@6b2ea799]" started-at="2024-03-09T15:21:47 IST" name="startbrowser" finished-at="2024-03-09T15:22:09 IST" duration-ms="22041" status="PASS">
          <reporter-output>
          </reporter-output>
        </test-method> <!-- startbrowser -->
      </class> <!-- jenkinsdemo.UITest -->
    </test> <!-- Connect Testing -->
  </suite> <!-- All Test Suite -->
</testng-results>
